atom 160 with type of Co found to have 5 coordinates with atom types of O,N
atom 161 with type of Co found to have 5 coordinates with atom types of O,N
atom 144 with type of Co found to have 5 coordinates with atom types of O,N
atom 145 with type of Co found to have 5 coordinates with atom types of O,N
atom 146 with type of Co found to have 7 coordinates with atom types of O,N,H
atom 147 with type of Co found to have 5 coordinates with atom types of O,N
atom 148 with type of Co found to have 5 coordinates with atom types of O,N
atom 149 with type of Co found to have 5 coordinates with atom types of O,N
atom 150 with type of Co found to have 7 coordinates with atom types of O,N,H
atom 151 with type of Co found to have 7 coordinates with atom types of O,N,H
atom 152 with type of Co found to have 7 coordinates with atom types of O,N,H
atom 153 with type of Co found to have 5 coordinates with atom types of O,N
atom 154 with type of Co found to have 5 coordinates with atom types of O,N
atom 155 with type of Co found to have 7 coordinates with atom types of O,N,H
atom 156 with type of Co found to have 5 coordinates with atom types of O,N
atom 157 with type of Co found to have 7 coordinates with atom types of O,N,H
atom 158 with type of Co found to have 5 coordinates with atom types of O,N
atom 159 with type of Co found to have 5 coordinates with atom types of O,N
mof_primitive, (min_max_linker_length,max_min_linker_length): 5 , 2

Structure has LONG ligand

atom 160 with type of Co found to have 5 coordinates with atom types of O,N
atom 161 with type of Co found to have 5 coordinates with atom types of O,N
atom 144 with type of Co found to have 5 coordinates with atom types of O,N
atom 145 with type of Co found to have 5 coordinates with atom types of O,N
atom 146 with type of Co found to have 7 coordinates with atom types of H,O,N
atom 147 with type of Co found to have 5 coordinates with atom types of O,N
atom 148 with type of Co found to have 5 coordinates with atom types of O,N
atom 149 with type of Co found to have 5 coordinates with atom types of O,N
atom 150 with type of Co found to have 7 coordinates with atom types of H,O,N
atom 151 with type of Co found to have 7 coordinates with atom types of H,O,N
atom 152 with type of Co found to have 7 coordinates with atom types of H,O,N
atom 153 with type of Co found to have 5 coordinates with atom types of O,N
atom 154 with type of Co found to have 5 coordinates with atom types of O,N
atom 155 with type of Co found to have 7 coordinates with atom types of H,O,N
atom 156 with type of Co found to have 5 coordinates with atom types of O,N
atom 157 with type of Co found to have 7 coordinates with atom types of H,O,N
atom 158 with type of Co found to have 5 coordinates with atom types of O,N
atom 159 with type of Co found to have 5 coordinates with atom types of O,N
mof_primitive, (min_max_linker_length,max_min_linker_length): 5 , 2

Structure has LONG ligand

