atom 0 with type of Dy found to have 7 coordinates with atom types of O,C
atom 1 with type of Dy found to have 7 coordinates with atom types of O,C
atom 2 with type of Dy found to have 7 coordinates with atom types of O,C
atom 3 with type of Dy found to have 7 coordinates with atom types of O,C
atom 4 with type of Dy found to have 7 coordinates with atom types of O,C
atom 5 with type of Dy found to have 7 coordinates with atom types of O,C
atom 6 with type of Dy found to have 7 coordinates with atom types of O,C
atom 7 with type of Dy found to have 7 coordinates with atom types of O,C
atom 8 with type of Dy found to have 8 coordinates with atom types of O
atom 9 with type of Dy found to have 8 coordinates with atom types of O
atom 10 with type of Dy found to have 8 coordinates with atom types of O
atom 11 with type of Dy found to have 8 coordinates with atom types of O
mof_primitive, (min_max_linker_length,max_min_linker_length): 2 , 2

Structure has SHORT ligand

atom 0 with type of Dy found to have 7 coordinates with atom types of C,O
atom 1 with type of Dy found to have 7 coordinates with atom types of C,O
atom 2 with type of Dy found to have 7 coordinates with atom types of C,O
atom 3 with type of Dy found to have 7 coordinates with atom types of C,O
atom 4 with type of Dy found to have 7 coordinates with atom types of C,O
atom 5 with type of Dy found to have 7 coordinates with atom types of C,O
atom 6 with type of Dy found to have 7 coordinates with atom types of C,O
atom 7 with type of Dy found to have 7 coordinates with atom types of C,O
atom 8 with type of Dy found to have 8 coordinates with atom types of O
atom 9 with type of Dy found to have 8 coordinates with atom types of O
atom 10 with type of Dy found to have 8 coordinates with atom types of O
atom 11 with type of Dy found to have 8 coordinates with atom types of O
mof_primitive, (min_max_linker_length,max_min_linker_length): 2 , 2

Structure has SHORT ligand

