atom 0 with type of Pr found to have 6 coordinates with atom types of O
atom 1 with type of Pr found to have 7 coordinates with atom types of O
atom 2 with type of Pr found to have 8 coordinates with atom types of O
atom 3 with type of Pr found to have 6 coordinates with atom types of O
atom 4 with type of Pr found to have 7 coordinates with atom types of O
atom 5 with type of Pr found to have 8 coordinates with atom types of O
atom 6 with type of Pr found to have 6 coordinates with atom types of O
atom 7 with type of Pr found to have 7 coordinates with atom types of O
atom 8 with type of Pr found to have 8 coordinates with atom types of O
atom 9 with type of Pr found to have 6 coordinates with atom types of O
atom 10 with type of Pr found to have 7 coordinates with atom types of O
atom 11 with type of Pr found to have 8 coordinates with atom types of O
atom 12 with type of Cu found to have 4 coordinates with atom types of I,N
atom 13 with type of Cu found to have 4 coordinates with atom types of I,N
atom 14 with type of Cu found to have 4 coordinates with atom types of I,N
atom 15 with type of Cu found to have 4 coordinates with atom types of I
atom 16 with type of Cu found to have 4 coordinates with atom types of I,N
atom 17 with type of Cu found to have 4 coordinates with atom types of I,N
atom 18 with type of Cu found to have 4 coordinates with atom types of I,N
atom 19 with type of Cu found to have 4 coordinates with atom types of I
atom 20 with type of Cu found to have 4 coordinates with atom types of I,N
atom 21 with type of Cu found to have 4 coordinates with atom types of I,N
atom 22 with type of Cu found to have 4 coordinates with atom types of I,N
atom 23 with type of Cu found to have 4 coordinates with atom types of I
atom 24 with type of Cu found to have 4 coordinates with atom types of I,N
atom 25 with type of Cu found to have 4 coordinates with atom types of I,N
atom 26 with type of Cu found to have 4 coordinates with atom types of I,N
atom 27 with type of Cu found to have 4 coordinates with atom types of I
atom 28 with type of Cu found to have 4 coordinates with atom types of I,N
atom 29 with type of Cu found to have 4 coordinates with atom types of I,N
atom 30 with type of Cu found to have 4 coordinates with atom types of I,N
atom 31 with type of Cu found to have 4 coordinates with atom types of I
atom 32 with type of Cu found to have 4 coordinates with atom types of I,N
atom 33 with type of Cu found to have 4 coordinates with atom types of I,N
atom 34 with type of Cu found to have 4 coordinates with atom types of I,N
atom 35 with type of Cu found to have 4 coordinates with atom types of I
atom 36 with type of Cu found to have 4 coordinates with atom types of I,N
atom 37 with type of Cu found to have 4 coordinates with atom types of I,N
atom 38 with type of Cu found to have 4 coordinates with atom types of I,N
atom 39 with type of Cu found to have 4 coordinates with atom types of I
atom 40 with type of Cu found to have 4 coordinates with atom types of I,N
atom 41 with type of Cu found to have 4 coordinates with atom types of I,N
atom 42 with type of Cu found to have 4 coordinates with atom types of I,N
atom 43 with type of Cu found to have 4 coordinates with atom types of I
atom 44 with type of Cu found to have 4 coordinates with atom types of I,N
atom 45 with type of Cu found to have 4 coordinates with atom types of I,N
atom 46 with type of Cu found to have 4 coordinates with atom types of I,N
atom 47 with type of Cu found to have 4 coordinates with atom types of I
atom 48 with type of Cu found to have 4 coordinates with atom types of I,N
atom 49 with type of Cu found to have 4 coordinates with atom types of I,N
atom 50 with type of Cu found to have 4 coordinates with atom types of I,N
atom 51 with type of Cu found to have 4 coordinates with atom types of I
atom 52 with type of Cu found to have 4 coordinates with atom types of I,N
atom 53 with type of Cu found to have 4 coordinates with atom types of I,N
atom 54 with type of Cu found to have 4 coordinates with atom types of I,N
atom 55 with type of Cu found to have 4 coordinates with atom types of I
atom 56 with type of Cu found to have 4 coordinates with atom types of I,N
atom 57 with type of Cu found to have 4 coordinates with atom types of I,N
atom 58 with type of Cu found to have 4 coordinates with atom types of I,N
atom 59 with type of Cu found to have 4 coordinates with atom types of I
mof_primitive, (min_max_linker_length,max_min_linker_length): 5 , 2

Structure has LONG ligand

