mof_primitive found to be an interpenetrated structure
atom 0 with type of K found to have 2 coordinates with atom types of O
atom 1 with type of K found to have 2 coordinates with atom types of O
atom 2 with type of K found to have 2 coordinates with atom types of O
atom 3 with type of K found to have 6 coordinates with atom types of O
atom 4 with type of K found to have 2 coordinates with atom types of O
atom 5 with type of K found to have 2 coordinates with atom types of O
atom 6 with type of K found to have 2 coordinates with atom types of O
atom 7 with type of K found to have 6 coordinates with atom types of O
atom 8 with type of Cd found to have 4 coordinates with atom types of O
atom 9 with type of Cd found to have 4 coordinates with atom types of O
atom 10 with type of Cd found to have 4 coordinates with atom types of O
atom 11 with type of Cd found to have 4 coordinates with atom types of O
atom 12 with type of Cd found to have 4 coordinates with atom types of O
atom 13 with type of Cd found to have 4 coordinates with atom types of O
atom 14 with type of Cd found to have 4 coordinates with atom types of O
atom 15 with type of Cd found to have 4 coordinates with atom types of O
atom 16 with type of Cd found to have 4 coordinates with atom types of O
atom 17 with type of Cd found to have 4 coordinates with atom types of O
atom 18 with type of Cd found to have 4 coordinates with atom types of O
atom 19 with type of Cd found to have 4 coordinates with atom types of O
atom 20 with type of Cd found to have 4 coordinates with atom types of O
atom 21 with type of Cd found to have 4 coordinates with atom types of O
atom 22 with type of Cd found to have 4 coordinates with atom types of O
atom 23 with type of Cd found to have 4 coordinates with atom types of O
atom 24 with type of Cd found to have 4 coordinates with atom types of O
atom 25 with type of Cd found to have 4 coordinates with atom types of O
atom 26 with type of Cd found to have 4 coordinates with atom types of O
atom 27 with type of Cd found to have 4 coordinates with atom types of O
mof_primitive, (min_max_linker_length,max_min_linker_length): 8 , 2

Structure has LONG ligand

