mof_primitive found to be an interpenetrated structure
atom 0 with type of Cd found to have 5 coordinates with atom types of Cl,N
atom 1 with type of Cd found to have 0 coordinates with atom types of 
atom 2 with type of Cd found to have 5 coordinates with atom types of Cl,N
atom 3 with type of Cd found to have 0 coordinates with atom types of 
atom 4 with type of Cd found to have 0 coordinates with atom types of 
atom 5 with type of Cd found to have 0 coordinates with atom types of 
atom 6 with type of Cd found to have 0 coordinates with atom types of 
atom 7 with type of Cd found to have 0 coordinates with atom types of 
atom 8 with type of Cd found to have 0 coordinates with atom types of 
atom 9 with type of Cd found to have 5 coordinates with atom types of Cl,N
atom 10 with type of Cd found to have 0 coordinates with atom types of 
atom 11 with type of Cd found to have 0 coordinates with atom types of 
atom 12 with type of Cd found to have 0 coordinates with atom types of 
atom 13 with type of Cd found to have 5 coordinates with atom types of Cl,N
atom 14 with type of Cd found to have 0 coordinates with atom types of 
atom 15 with type of Cd found to have 0 coordinates with atom types of 
atom 16 with type of Cd found to have 5 coordinates with atom types of Cl,N
atom 17 with type of Cd found to have 0 coordinates with atom types of 
atom 18 with type of Cd found to have 5 coordinates with atom types of Cl,N
atom 19 with type of Cd found to have 0 coordinates with atom types of 
atom 20 with type of Cd found to have 5 coordinates with atom types of Cl,N
atom 21 with type of Cd found to have 0 coordinates with atom types of 
atom 22 with type of Cd found to have 0 coordinates with atom types of 
atom 23 with type of Cd found to have 5 coordinates with atom types of Cl,N
mof_primitive, (min_max_linker_length,max_min_linker_length): 22 , 1

Structure has LONG ligand

