atom 0 with type of Mn found to have 5 coordinates with atom types of O
atom 1 with type of Mn found to have 5 coordinates with atom types of O
atom 2 with type of Mn found to have 6 coordinates with atom types of O
atom 3 with type of Mn found to have 2 coordinates with atom types of O
atom 4 with type of Ge found to have 4 coordinates with atom types of C,S
atom 5 with type of Ge found to have 4 coordinates with atom types of C,S
atom 6 with type of Ge found to have 4 coordinates with atom types of C,S
atom 7 with type of Ge found to have 4 coordinates with atom types of C,S
atom 8 with type of Ge found to have 4 coordinates with atom types of C,S
atom 9 with type of Ge found to have 4 coordinates with atom types of C,S
atom 10 with type of Ge found to have 4 coordinates with atom types of C,S
atom 11 with type of Ge found to have 4 coordinates with atom types of C,S
found ligand
found ligand
found ligand
found ligand
found ligand
found ligand
found ligand
found ligand
found ligand
found ligand
found ligand
found ligand
mof_primitive, (min_max_linker_length,max_min_linker_length): 3 , 3

Structure has LONG ligand

