mof_primitive found to be an interpenetrated structure
atom 16 with type of Pb found to have 1 coordinates with atom types of O
atom 17 with type of Pb found to have 1 coordinates with atom types of O
atom 18 with type of Pb found to have 1 coordinates with atom types of O
atom 19 with type of Pb found to have 1 coordinates with atom types of O
found ligand
found ligand
found ligand
found ligand
mof_primitive, (min_max_linker_length,max_min_linker_length): 100 , 0

Structure has LONG ligand

mof_primitive found to be an interpenetrated structure
atom 16 with type of Pb found to have 1 coordinates with atom types of O
atom 17 with type of Pb found to have 1 coordinates with atom types of O
atom 18 with type of Pb found to have 1 coordinates with atom types of O
atom 19 with type of Pb found to have 1 coordinates with atom types of O
found ligand
found ligand
found ligand
found ligand
mof_primitive, (min_max_linker_length,max_min_linker_length): 100 , 0

Structure has LONG ligand

