atom 0 with type of Zn found to have 4 coordinates with atom types of O
atom 1 with type of Zn found to have 4 coordinates with atom types of O,N
atom 2 with type of Zn found to have 4 coordinates with atom types of O,N
atom 3 with type of Zn found to have 5 coordinates with atom types of O
atom 4 with type of Zn found to have 4 coordinates with atom types of O,N
atom 5 with type of Zn found to have 4 coordinates with atom types of O,N
atom 6 with type of Zn found to have 4 coordinates with atom types of O
atom 7 with type of Zn found to have 4 coordinates with atom types of O,N
atom 8 with type of Zn found to have 4 coordinates with atom types of O,N
atom 9 with type of Zn found to have 5 coordinates with atom types of O
atom 10 with type of Zn found to have 4 coordinates with atom types of O,N
atom 11 with type of Zn found to have 4 coordinates with atom types of O,N
found ligand
found ligand
found ligand
found ligand
found ligand
found ligand
found ligand
found ligand
mof_primitive, (min_max_linker_length,max_min_linker_length): 6 , 2

Structure has LONG ligand

atom 0 with type of Zn found to have 4 coordinates with atom types of O
atom 1 with type of Zn found to have 4 coordinates with atom types of O,N
atom 2 with type of Zn found to have 4 coordinates with atom types of O,N
atom 3 with type of Zn found to have 5 coordinates with atom types of O
atom 4 with type of Zn found to have 4 coordinates with atom types of O,N
atom 5 with type of Zn found to have 4 coordinates with atom types of O,N
atom 6 with type of Zn found to have 4 coordinates with atom types of O
atom 7 with type of Zn found to have 4 coordinates with atom types of O,N
atom 8 with type of Zn found to have 4 coordinates with atom types of O,N
atom 9 with type of Zn found to have 5 coordinates with atom types of O
atom 10 with type of Zn found to have 4 coordinates with atom types of O,N
atom 11 with type of Zn found to have 4 coordinates with atom types of O,N
found ligand
found ligand
found ligand
found ligand
found ligand
found ligand
found ligand
found ligand
mof_primitive, (min_max_linker_length,max_min_linker_length): 6 , 2

Structure has LONG ligand

