atom 0 with type of Eu found to have 8 coordinates with atom types of O,Cl
atom 1 with type of Eu found to have 8 coordinates with atom types of O,Cl
atom 2 with type of Eu found to have 8 coordinates with atom types of O,Cl
atom 3 with type of Eu found to have 8 coordinates with atom types of O,Cl
atom 4 with type of Zn found to have 4 coordinates with atom types of Cl,N
atom 5 with type of Zn found to have 5 coordinates with atom types of O,N
atom 6 with type of Zn found to have 6 coordinates with atom types of N
atom 7 with type of Zn found to have 3 coordinates with atom types of N
atom 8 with type of Zn found to have 6 coordinates with atom types of N
atom 9 with type of Zn found to have 4 coordinates with atom types of Cl,N
atom 10 with type of Zn found to have 5 coordinates with atom types of O,N
atom 11 with type of Zn found to have 4 coordinates with atom types of Cl,N
atom 12 with type of Zn found to have 6 coordinates with atom types of N
atom 13 with type of Zn found to have 4 coordinates with atom types of Cl,N
atom 14 with type of Zn found to have 5 coordinates with atom types of O,N
atom 15 with type of Zn found to have 3 coordinates with atom types of N
atom 16 with type of Zn found to have 4 coordinates with atom types of Cl,N
atom 17 with type of Zn found to have 3 coordinates with atom types of N
atom 18 with type of Zn found to have 4 coordinates with atom types of Cl,N
atom 19 with type of Zn found to have 5 coordinates with atom types of O,N
atom 20 with type of Zn found to have 3 coordinates with atom types of N
atom 21 with type of Zn found to have 6 coordinates with atom types of N
atom 22 with type of Zn found to have 3 coordinates with atom types of N
atom 23 with type of Zn found to have 4 coordinates with atom types of Cl,N
atom 24 with type of Zn found to have 4 coordinates with atom types of Cl,N
atom 25 with type of Zn found to have 5 coordinates with atom types of O,N
atom 26 with type of Zn found to have 6 coordinates with atom types of N
atom 27 with type of Zn found to have 5 coordinates with atom types of O,N
atom 28 with type of Zn found to have 5 coordinates with atom types of O,N
atom 29 with type of Zn found to have 6 coordinates with atom types of N
atom 30 with type of Zn found to have 3 coordinates with atom types of N
atom 31 with type of Zn found to have 4 coordinates with atom types of Cl,N
atom 32 with type of Zn found to have 5 coordinates with atom types of O,N
atom 33 with type of Zn found to have 5 coordinates with atom types of O,N
atom 34 with type of Zn found to have 5 coordinates with atom types of O,N
atom 35 with type of Zn found to have 4 coordinates with atom types of Cl,N
atom 36 with type of Zn found to have 3 coordinates with atom types of N
atom 37 with type of Zn found to have 4 coordinates with atom types of Cl,N
atom 38 with type of Zn found to have 5 coordinates with atom types of O,N
atom 39 with type of Zn found to have 4 coordinates with atom types of Cl,N
atom 40 with type of Zn found to have 3 coordinates with atom types of N
atom 41 with type of Zn found to have 5 coordinates with atom types of O,N
found ligand
found ligand
found ligand
found ligand
mof_primitive, (min_max_linker_length,max_min_linker_length): 2 , 3

Structure has SHORT ligand

atom 0 with type of Eu found to have 8 coordinates with atom types of O,Cl
atom 1 with type of Eu found to have 8 coordinates with atom types of O,Cl
atom 2 with type of Eu found to have 8 coordinates with atom types of O,Cl
atom 3 with type of Eu found to have 8 coordinates with atom types of O,Cl
atom 4 with type of Zn found to have 4 coordinates with atom types of N,Cl
atom 5 with type of Zn found to have 5 coordinates with atom types of O,N
atom 6 with type of Zn found to have 6 coordinates with atom types of N
atom 7 with type of Zn found to have 3 coordinates with atom types of N
atom 8 with type of Zn found to have 6 coordinates with atom types of N
atom 9 with type of Zn found to have 4 coordinates with atom types of N,Cl
atom 10 with type of Zn found to have 5 coordinates with atom types of O,N
atom 11 with type of Zn found to have 4 coordinates with atom types of N,Cl
atom 12 with type of Zn found to have 6 coordinates with atom types of N
atom 13 with type of Zn found to have 4 coordinates with atom types of N,Cl
atom 14 with type of Zn found to have 5 coordinates with atom types of O,N
atom 15 with type of Zn found to have 3 coordinates with atom types of N
atom 16 with type of Zn found to have 4 coordinates with atom types of N,Cl
atom 17 with type of Zn found to have 3 coordinates with atom types of N
atom 18 with type of Zn found to have 4 coordinates with atom types of N,Cl
atom 19 with type of Zn found to have 5 coordinates with atom types of O,N
atom 20 with type of Zn found to have 3 coordinates with atom types of N
atom 21 with type of Zn found to have 6 coordinates with atom types of N
atom 22 with type of Zn found to have 3 coordinates with atom types of N
atom 23 with type of Zn found to have 4 coordinates with atom types of N,Cl
atom 24 with type of Zn found to have 4 coordinates with atom types of N,Cl
atom 25 with type of Zn found to have 5 coordinates with atom types of O,N
atom 26 with type of Zn found to have 6 coordinates with atom types of N
atom 27 with type of Zn found to have 5 coordinates with atom types of O,N
atom 28 with type of Zn found to have 5 coordinates with atom types of O,N
atom 29 with type of Zn found to have 6 coordinates with atom types of N
atom 30 with type of Zn found to have 3 coordinates with atom types of N
atom 31 with type of Zn found to have 4 coordinates with atom types of N,Cl
atom 32 with type of Zn found to have 5 coordinates with atom types of O,N
atom 33 with type of Zn found to have 5 coordinates with atom types of O,N
atom 34 with type of Zn found to have 5 coordinates with atom types of O,N
atom 35 with type of Zn found to have 4 coordinates with atom types of N,Cl
atom 36 with type of Zn found to have 3 coordinates with atom types of N
atom 37 with type of Zn found to have 4 coordinates with atom types of N,Cl
atom 38 with type of Zn found to have 5 coordinates with atom types of O,N
atom 39 with type of Zn found to have 4 coordinates with atom types of N,Cl
atom 40 with type of Zn found to have 3 coordinates with atom types of N
atom 41 with type of Zn found to have 5 coordinates with atom types of O,N
found ligand
found ligand
found ligand
found ligand
mof_primitive, (min_max_linker_length,max_min_linker_length): 2 , 3

Structure has SHORT ligand

