atom 0 with type of Fe found to have 6 coordinates with atom types of N
atom 1 with type of Fe found to have 6 coordinates with atom types of N
atom 2 with type of Fe found to have 6 coordinates with atom types of N
atom 3 with type of Fe found to have 6 coordinates with atom types of N
atom 4 with type of Fe found to have 6 coordinates with atom types of N
atom 5 with type of Fe found to have 6 coordinates with atom types of N
atom 6 with type of Fe found to have 6 coordinates with atom types of N
atom 7 with type of Fe found to have 6 coordinates with atom types of N
atom 8 with type of Ag found to have 2 coordinates with atom types of C
atom 9 with type of Ag found to have 2 coordinates with atom types of C,N
atom 10 with type of Ag found to have 2 coordinates with atom types of C
atom 11 with type of Ag found to have 2 coordinates with atom types of C
atom 12 with type of Ag found to have 2 coordinates with atom types of C,N
atom 13 with type of Ag found to have 2 coordinates with atom types of C
atom 14 with type of Ag found to have 2 coordinates with atom types of C
atom 15 with type of Ag found to have 2 coordinates with atom types of C,N
atom 16 with type of Ag found to have 2 coordinates with atom types of C
atom 17 with type of Ag found to have 2 coordinates with atom types of C
atom 18 with type of Ag found to have 2 coordinates with atom types of C,N
atom 19 with type of Ag found to have 2 coordinates with atom types of C
atom 20 with type of Ag found to have 2 coordinates with atom types of C
atom 21 with type of Ag found to have 2 coordinates with atom types of C,N
atom 22 with type of Ag found to have 2 coordinates with atom types of C
atom 23 with type of Ag found to have 2 coordinates with atom types of C
atom 24 with type of Ag found to have 2 coordinates with atom types of C,N
atom 25 with type of Ag found to have 2 coordinates with atom types of C
atom 26 with type of Ag found to have 2 coordinates with atom types of C
atom 27 with type of Ag found to have 2 coordinates with atom types of C,N
atom 28 with type of Ag found to have 2 coordinates with atom types of C
atom 29 with type of Ag found to have 2 coordinates with atom types of C
atom 30 with type of Ag found to have 2 coordinates with atom types of C,N
atom 31 with type of Ag found to have 2 coordinates with atom types of C
mof_primitive, (min_max_linker_length,max_min_linker_length): 1 , 11
Structure has extremely short ligands
Structure has extremely short ligands
