atom 128 with type of Cu found to have 4 coordinates with atom types of I,N
atom 129 with type of Cu found to have 4 coordinates with atom types of I,N
atom 130 with type of Cu found to have 4 coordinates with atom types of I,N
atom 131 with type of Cu found to have 4 coordinates with atom types of I,N
atom 132 with type of Cu found to have 4 coordinates with atom types of I,N
atom 133 with type of Cu found to have 4 coordinates with atom types of I,N
atom 134 with type of Cu found to have 4 coordinates with atom types of I,N
atom 135 with type of Cu found to have 4 coordinates with atom types of I,N
atom 136 with type of Cu found to have 4 coordinates with atom types of I,N
atom 137 with type of Cu found to have 4 coordinates with atom types of I,N
atom 138 with type of Cu found to have 4 coordinates with atom types of I,N
atom 139 with type of Cu found to have 4 coordinates with atom types of I,N
atom 140 with type of Cu found to have 3 coordinates with atom types of I
atom 141 with type of Cu found to have 3 coordinates with atom types of I
atom 142 with type of Cu found to have 3 coordinates with atom types of I
atom 143 with type of Cu found to have 3 coordinates with atom types of I
atom 248 with type of K found to have 4 coordinates with atom types of O
atom 312 with type of Pr found to have 11 coordinates with atom types of O,C
atom 249 with type of K found to have 4 coordinates with atom types of O
atom 313 with type of Pr found to have 11 coordinates with atom types of O,C
atom 314 with type of Pr found to have 4 coordinates with atom types of O
atom 315 with type of Pr found to have 4 coordinates with atom types of O
atom 310 with type of Pr found to have 11 coordinates with atom types of O,C
atom 311 with type of Pr found to have 11 coordinates with atom types of O,C
atom 120 with type of Cu found to have 4 coordinates with atom types of I,N
atom 121 with type of Cu found to have 4 coordinates with atom types of I,N
atom 122 with type of Cu found to have 4 coordinates with atom types of I,N
atom 123 with type of Cu found to have 4 coordinates with atom types of I,N
atom 124 with type of Cu found to have 4 coordinates with atom types of I,N
atom 125 with type of Cu found to have 4 coordinates with atom types of I,N
atom 126 with type of Cu found to have 4 coordinates with atom types of I,N
atom 127 with type of Cu found to have 4 coordinates with atom types of I,N
mof_primitive, (min_max_linker_length,max_min_linker_length): 5 , 2

Structure has LONG ligand

