atom 0 with type of Gd found to have 9 coordinates with atom types of O,C
atom 1 with type of Gd found to have 6 coordinates with atom types of O
atom 2 with type of Gd found to have 8 coordinates with atom types of O
atom 3 with type of Gd found to have 11 coordinates with atom types of O,C
atom 4 with type of Gd found to have 6 coordinates with atom types of O
atom 5 with type of Gd found to have 8 coordinates with atom types of O,C
atom 6 with type of Gd found to have 8 coordinates with atom types of O,C
atom 7 with type of Gd found to have 9 coordinates with atom types of O,C
atom 8 with type of Gd found to have 6 coordinates with atom types of O
atom 9 with type of Gd found to have 8 coordinates with atom types of O
atom 10 with type of Gd found to have 11 coordinates with atom types of O,C
atom 11 with type of Gd found to have 6 coordinates with atom types of O
atom 12 with type of Gd found to have 8 coordinates with atom types of O,C
atom 13 with type of Gd found to have 8 coordinates with atom types of O,C
atom 14 with type of Gd found to have 9 coordinates with atom types of O,C
atom 15 with type of Gd found to have 6 coordinates with atom types of O
atom 16 with type of Gd found to have 8 coordinates with atom types of O
atom 17 with type of Gd found to have 11 coordinates with atom types of O,C
atom 18 with type of Gd found to have 6 coordinates with atom types of O
atom 19 with type of Gd found to have 8 coordinates with atom types of O,C
atom 20 with type of Gd found to have 8 coordinates with atom types of O,C
atom 21 with type of Gd found to have 9 coordinates with atom types of O,C
atom 22 with type of Gd found to have 6 coordinates with atom types of O
atom 23 with type of Gd found to have 8 coordinates with atom types of O
atom 24 with type of Gd found to have 11 coordinates with atom types of O,C
atom 25 with type of Gd found to have 6 coordinates with atom types of O
atom 26 with type of Gd found to have 8 coordinates with atom types of O,C
atom 27 with type of Gd found to have 8 coordinates with atom types of O,C
found ligand
found ligand
found ligand
found ligand
found ligand
found ligand
found ligand
found ligand
found ligand
found ligand
found ligand
found ligand
found ligand
found ligand
found ligand
found ligand
found ligand
found ligand
found ligand
found ligand
found ligand
found ligand
found ligand
found ligand
found ligand
found ligand
found ligand
found ligand
found ligand
found ligand
found ligand
found ligand
found ligand
found ligand
found ligand
found ligand
mof_primitive, (min_max_linker_length,max_min_linker_length): 2 , 2

Structure has SHORT ligand

