mof_primitive found to be an interpenetrated structure
atom 0 with type of Zn found to have 4 coordinates with atom types of O,N
atom 1 with type of Zn found to have 4 coordinates with atom types of O,N
atom 2 with type of Zn found to have 4 coordinates with atom types of O,N
atom 3 with type of Zn found to have 4 coordinates with atom types of O,N
atom 4 with type of Zn found to have 4 coordinates with atom types of O,N
atom 5 with type of Zn found to have 4 coordinates with atom types of O,N
atom 6 with type of Zn found to have 4 coordinates with atom types of O,N
atom 7 with type of Zn found to have 4 coordinates with atom types of O,N
found ligand
found ligand
found ligand
found ligand
found ligand
found ligand
found ligand
found ligand
mof_primitive, (min_max_linker_length,max_min_linker_length): 7 , 12

Structure has LONG ligand

mof_primitive found to be an interpenetrated structure
atom 0 with type of Zn found to have 4 coordinates with atom types of O,N
atom 1 with type of Zn found to have 4 coordinates with atom types of O,N
atom 2 with type of Zn found to have 4 coordinates with atom types of O,N
atom 3 with type of Zn found to have 4 coordinates with atom types of O,N
atom 4 with type of Zn found to have 4 coordinates with atom types of O,N
atom 5 with type of Zn found to have 4 coordinates with atom types of O,N
atom 6 with type of Zn found to have 4 coordinates with atom types of O,N
atom 7 with type of Zn found to have 4 coordinates with atom types of O,N
found ligand
found ligand
found ligand
found ligand
found ligand
found ligand
found ligand
found ligand
mof_primitive, (min_max_linker_length,max_min_linker_length): 7 , 12

Structure has LONG ligand

