atom 0 with type of K found to have 3 coordinates with atom types of O
atom 1 with type of K found to have 3 coordinates with atom types of O
atom 2 with type of La found to have 8 coordinates with atom types of O
atom 3 with type of La found to have 8 coordinates with atom types of O,C
atom 4 with type of La found to have 7 coordinates with atom types of O,C
atom 5 with type of La found to have 8 coordinates with atom types of O
atom 6 with type of La found to have 8 coordinates with atom types of O,C
atom 7 with type of La found to have 7 coordinates with atom types of O,C
mof_primitive, (min_max_linker_length,max_min_linker_length): 6 , 2

Structure has LONG ligand

atom 0 with type of K found to have 3 coordinates with atom types of O
atom 1 with type of K found to have 3 coordinates with atom types of O
atom 2 with type of La found to have 8 coordinates with atom types of O
atom 3 with type of La found to have 8 coordinates with atom types of C,O
atom 4 with type of La found to have 7 coordinates with atom types of C,O
atom 5 with type of La found to have 8 coordinates with atom types of O
atom 6 with type of La found to have 8 coordinates with atom types of C,O
atom 7 with type of La found to have 7 coordinates with atom types of C,O
mof_primitive, (min_max_linker_length,max_min_linker_length): 6 , 2

Structure has LONG ligand

