atom 0 with type of La found to have 9 coordinates with atom types of O,C
atom 1 with type of La found to have 9 coordinates with atom types of O,C
atom 2 with type of La found to have 9 coordinates with atom types of O,C
atom 3 with type of La found to have 9 coordinates with atom types of O,C
found ligand
found ligand
found ligand
found ligand
mof_primitive, (min_max_linker_length,max_min_linker_length): 10 , 1

Structure has LONG ligand

atom 0 with type of La found to have 9 coordinates with atom types of C,O
atom 1 with type of La found to have 9 coordinates with atom types of C,O
atom 2 with type of La found to have 9 coordinates with atom types of C,O
atom 3 with type of La found to have 9 coordinates with atom types of C,O
found ligand
found ligand
found ligand
found ligand
mof_primitive, (min_max_linker_length,max_min_linker_length): 10 , 1

Structure has LONG ligand

