atom 0 with type of Tb found to have 7 coordinates with atom types of O
atom 1 with type of Tb found to have 7 coordinates with atom types of O
atom 2 with type of Tb found to have 7 coordinates with atom types of O
atom 3 with type of Tb found to have 7 coordinates with atom types of O
atom 4 with type of Cu found to have 4 coordinates with atom types of I,N
atom 5 with type of Cu found to have 4 coordinates with atom types of I
atom 6 with type of Cu found to have 4 coordinates with atom types of I,N
atom 7 with type of Cu found to have 4 coordinates with atom types of I,N
atom 8 with type of Cu found to have 4 coordinates with atom types of I,N
atom 9 with type of Cu found to have 4 coordinates with atom types of I
atom 10 with type of Cu found to have 4 coordinates with atom types of I,N
atom 11 with type of Cu found to have 4 coordinates with atom types of I,N
atom 12 with type of Cu found to have 4 coordinates with atom types of I,N
atom 13 with type of Cu found to have 4 coordinates with atom types of I
atom 14 with type of Cu found to have 4 coordinates with atom types of I,N
atom 15 with type of Cu found to have 4 coordinates with atom types of I,N
atom 16 with type of Cu found to have 4 coordinates with atom types of I,N
atom 17 with type of Cu found to have 4 coordinates with atom types of I
atom 18 with type of Cu found to have 4 coordinates with atom types of I,N
atom 19 with type of Cu found to have 4 coordinates with atom types of I,N
mof_primitive, (min_max_linker_length,max_min_linker_length): 5 , 2

Structure has LONG ligand

atom 0 with type of Tb found to have 7 coordinates with atom types of O
atom 1 with type of Tb found to have 7 coordinates with atom types of O
atom 2 with type of Tb found to have 7 coordinates with atom types of O
atom 3 with type of Tb found to have 7 coordinates with atom types of O
atom 4 with type of Cu found to have 4 coordinates with atom types of I,N
atom 5 with type of Cu found to have 4 coordinates with atom types of I
atom 6 with type of Cu found to have 4 coordinates with atom types of I,N
atom 7 with type of Cu found to have 4 coordinates with atom types of I,N
atom 8 with type of Cu found to have 4 coordinates with atom types of I,N
atom 9 with type of Cu found to have 4 coordinates with atom types of I
atom 10 with type of Cu found to have 4 coordinates with atom types of I,N
atom 11 with type of Cu found to have 4 coordinates with atom types of I,N
atom 12 with type of Cu found to have 4 coordinates with atom types of I,N
atom 13 with type of Cu found to have 4 coordinates with atom types of I
atom 14 with type of Cu found to have 4 coordinates with atom types of I,N
atom 15 with type of Cu found to have 4 coordinates with atom types of I,N
atom 16 with type of Cu found to have 4 coordinates with atom types of I,N
atom 17 with type of Cu found to have 4 coordinates with atom types of I
atom 18 with type of Cu found to have 4 coordinates with atom types of I,N
atom 19 with type of Cu found to have 4 coordinates with atom types of I,N
mof_primitive, (min_max_linker_length,max_min_linker_length): 5 , 2

Structure has LONG ligand

