atom 0 with type of Dy found to have 6 coordinates with atom types of O
atom 1 with type of Dy found to have 8 coordinates with atom types of O
atom 2 with type of Dy found to have 8 coordinates with atom types of O
atom 3 with type of Dy found to have 8 coordinates with atom types of O
atom 4 with type of Dy found to have 8 coordinates with atom types of O
atom 5 with type of Dy found to have 8 coordinates with atom types of O
atom 6 with type of Dy found to have 8 coordinates with atom types of O
atom 7 with type of Dy found to have 8 coordinates with atom types of O
atom 8 with type of Dy found to have 8 coordinates with atom types of O,C
atom 9 with type of Dy found to have 8 coordinates with atom types of O
atom 10 with type of Dy found to have 8 coordinates with atom types of O
atom 11 with type of Dy found to have 5 coordinates with atom types of O
atom 12 with type of Dy found to have 6 coordinates with atom types of O,N
atom 13 with type of Dy found to have 5 coordinates with atom types of O
atom 14 with type of Dy found to have 8 coordinates with atom types of O
atom 15 with type of Dy found to have 8 coordinates with atom types of O
atom 16 with type of Dy found to have 8 coordinates with atom types of O
atom 17 with type of Dy found to have 8 coordinates with atom types of O
atom 18 with type of Dy found to have 8 coordinates with atom types of O
atom 19 with type of Dy found to have 8 coordinates with atom types of O,C
atom 20 with type of Dy found to have 8 coordinates with atom types of O
atom 21 with type of Dy found to have 8 coordinates with atom types of O
atom 22 with type of Dy found to have 8 coordinates with atom types of O
atom 23 with type of Dy found to have 6 coordinates with atom types of O,N
atom 24 with type of Dy found to have 6 coordinates with atom types of O
atom 25 with type of Dy found to have 8 coordinates with atom types of O,C
atom 26 with type of Dy found to have 7 coordinates with atom types of O
atom 27 with type of Dy found to have 7 coordinates with atom types of O
atom 28 with type of Dy found to have 8 coordinates with atom types of O,C
atom 29 with type of Dy found to have 8 coordinates with atom types of O,C
atom 30 with type of Dy found to have 8 coordinates with atom types of O
atom 31 with type of Dy found to have 8 coordinates with atom types of O
atom 32 with type of Dy found to have 8 coordinates with atom types of O
atom 33 with type of Dy found to have 8 coordinates with atom types of O,C
atom 34 with type of Dy found to have 8 coordinates with atom types of O
atom 35 with type of Dy found to have 8 coordinates with atom types of O
atom 36 with type of Dy found to have 8 coordinates with atom types of O
atom 37 with type of Dy found to have 7 coordinates with atom types of O
atom 38 with type of Dy found to have 8 coordinates with atom types of O
atom 39 with type of Dy found to have 8 coordinates with atom types of O
atom 40 with type of Dy found to have 8 coordinates with atom types of O
atom 41 with type of Dy found to have 9 coordinates with atom types of O,C
atom 42 with type of Dy found to have 8 coordinates with atom types of O,C
atom 43 with type of Dy found to have 8 coordinates with atom types of O
atom 44 with type of Dy found to have 8 coordinates with atom types of O
atom 45 with type of Dy found to have 8 coordinates with atom types of O,C
atom 46 with type of Dy found to have 8 coordinates with atom types of O
atom 47 with type of Dy found to have 5 coordinates with atom types of O
atom 48 with type of Dy found to have 8 coordinates with atom types of O
atom 49 with type of Dy found to have 9 coordinates with atom types of O,C
atom 50 with type of Dy found to have 5 coordinates with atom types of O
atom 51 with type of Dy found to have 7 coordinates with atom types of O
atom 52 with type of Zn found to have 3 coordinates with atom types of N
atom 53 with type of Zn found to have 3 coordinates with atom types of N
atom 54 with type of Zn found to have 2 coordinates with atom types of N
found ligand
found ligand
found ligand
found ligand
found ligand
found ligand
found ligand
found ligand
found ligand
found ligand
found ligand
found ligand
found ligand
found ligand
found ligand
found ligand
found ligand
found ligand
found ligand
found ligand
found ligand
found ligand
found ligand
found ligand
found ligand
found ligand
found ligand
found ligand
found ligand
found ligand
found ligand
found ligand
found ligand
found ligand
found ligand
found ligand
found ligand
found ligand
found ligand
found ligand
found ligand
found ligand
found ligand
found ligand
found ligand
found ligand
found ligand
found ligand
found ligand
found ligand
found ligand
found ligand
mof_primitive, (min_max_linker_length,max_min_linker_length): 2 , 2

Structure has SHORT ligand

