atom 0 with type of Sr found to have 10 coordinates with atom types of O,H
atom 1 with type of Sr found to have 10 coordinates with atom types of O,H
atom 2 with type of Sr found to have 10 coordinates with atom types of O,H
atom 3 with type of Sr found to have 10 coordinates with atom types of O,H
found ligand
found ligand
found ligand
found ligand
mof_primitive, (min_max_linker_length,max_min_linker_length): 7 , 2

Structure has LONG ligand

atom 0 with type of Sr found to have 10 coordinates with atom types of H,O
atom 1 with type of Sr found to have 10 coordinates with atom types of H,O
atom 2 with type of Sr found to have 10 coordinates with atom types of H,O
atom 3 with type of Sr found to have 10 coordinates with atom types of H,O
found ligand
found ligand
found ligand
found ligand
mof_primitive, (min_max_linker_length,max_min_linker_length): 7 , 2

Structure has LONG ligand

