atom 0 with type of Nb found to have 5 coordinates with atom types of Cl,N
atom 1 with type of Nb found to have 5 coordinates with atom types of Cl,N
atom 2 with type of Nb found to have 5 coordinates with atom types of Cl,N
atom 3 with type of Nb found to have 5 coordinates with atom types of Cl,N
atom 4 with type of Nb found to have 5 coordinates with atom types of Cl,N
atom 5 with type of Nb found to have 5 coordinates with atom types of Cl,N
atom 6 with type of Nb found to have 5 coordinates with atom types of Cl,N
atom 7 with type of Nb found to have 5 coordinates with atom types of Cl,N
atom 8 with type of Nb found to have 5 coordinates with atom types of Cl,N
atom 9 with type of Nb found to have 5 coordinates with atom types of Cl,N
atom 10 with type of Nb found to have 5 coordinates with atom types of Cl,N
atom 11 with type of Nb found to have 5 coordinates with atom types of Cl,N
atom 12 with type of Cu found to have 4 coordinates with atom types of N,S
atom 13 with type of Cu found to have 4 coordinates with atom types of N,S
atom 14 with type of Cu found to have 4 coordinates with atom types of N,S
atom 15 with type of Cu found to have 4 coordinates with atom types of N,S
found ligand
found ligand
found ligand
found ligand
mof_primitive, (min_max_linker_length,max_min_linker_length): 2 , 2

Structure has SHORT ligand

