mof_primitive found to be an interpenetrated structure
atom 0 with type of Cu found to have 2 coordinates with atom types of C,N
atom 1 with type of Cu found to have 3 coordinates with atom types of C,N
atom 2 with type of Cu found to have 3 coordinates with atom types of C,N
atom 3 with type of Cu found to have 3 coordinates with atom types of N
atom 4 with type of Cu found to have 3 coordinates with atom types of C
atom 5 with type of Cu found to have 3 coordinates with atom types of C,N
atom 6 with type of Cu found to have 4 coordinates with atom types of N
atom 7 with type of Cu found to have 2 coordinates with atom types of C,N
atom 8 with type of Cu found to have 3 coordinates with atom types of C,N
atom 9 with type of Cu found to have 3 coordinates with atom types of C,N
atom 10 with type of Cu found to have 3 coordinates with atom types of N
atom 11 with type of Cu found to have 3 coordinates with atom types of C
atom 12 with type of Cu found to have 3 coordinates with atom types of C,N
atom 13 with type of Cu found to have 4 coordinates with atom types of N
atom 14 with type of Cu found to have 2 coordinates with atom types of C,N
atom 15 with type of Cu found to have 3 coordinates with atom types of C,N
atom 16 with type of Cu found to have 3 coordinates with atom types of C,N
atom 17 with type of Cu found to have 3 coordinates with atom types of N
atom 18 with type of Cu found to have 3 coordinates with atom types of C
atom 19 with type of Cu found to have 3 coordinates with atom types of C,N
atom 20 with type of Cu found to have 4 coordinates with atom types of N
atom 21 with type of Cu found to have 2 coordinates with atom types of C,N
atom 22 with type of Cu found to have 3 coordinates with atom types of C,N
atom 23 with type of Cu found to have 3 coordinates with atom types of C,N
atom 24 with type of Cu found to have 3 coordinates with atom types of N
atom 25 with type of Cu found to have 3 coordinates with atom types of C
atom 26 with type of Cu found to have 3 coordinates with atom types of C,N
atom 27 with type of Cu found to have 4 coordinates with atom types of N
atom 28 with type of Cu found to have 3 coordinates with atom types of C,N
atom 29 with type of Cu found to have 3 coordinates with atom types of C,N
atom 30 with type of Cu found to have 3 coordinates with atom types of N
atom 31 with type of Cu found to have 3 coordinates with atom types of C,N
atom 32 with type of Cu found to have 3 coordinates with atom types of C,N
atom 33 with type of Cu found to have 3 coordinates with atom types of N
atom 34 with type of Cu found to have 3 coordinates with atom types of C,N
atom 35 with type of Cu found to have 3 coordinates with atom types of C,N
atom 36 with type of Cu found to have 3 coordinates with atom types of N
atom 37 with type of Cu found to have 3 coordinates with atom types of C,N
atom 38 with type of Cu found to have 3 coordinates with atom types of C,N
atom 39 with type of Cu found to have 3 coordinates with atom types of N
atom 40 with type of Cu found to have 3 coordinates with atom types of C,N
atom 41 with type of Cu found to have 3 coordinates with atom types of C,N
atom 42 with type of Cu found to have 3 coordinates with atom types of C,N
atom 43 with type of Cu found to have 3 coordinates with atom types of C,N
atom 44 with type of Cu found to have 2 coordinates with atom types of C
atom 45 with type of Cu found to have 2 coordinates with atom types of C
mof_primitive, (min_max_linker_length,max_min_linker_length): 1 , 3
Structure has extremely short ligands
Structure has extremely short ligands
