atom 0 with type of Lu found to have 7 coordinates with atom types of O,C
atom 1 with type of Lu found to have 7 coordinates with atom types of O,C
atom 2 with type of Lu found to have 7 coordinates with atom types of O,C
atom 3 with type of Lu found to have 7 coordinates with atom types of O,C
atom 4 with type of Lu found to have 7 coordinates with atom types of O,C
atom 5 with type of Lu found to have 7 coordinates with atom types of O,C
atom 24 with type of W found to have 6 coordinates with atom types of O
atom 25 with type of W found to have 5 coordinates with atom types of O
atom 26 with type of W found to have 5 coordinates with atom types of O
atom 27 with type of W found to have 5 coordinates with atom types of O
atom 28 with type of W found to have 6 coordinates with atom types of O
atom 29 with type of W found to have 5 coordinates with atom types of O
atom 30 with type of W found to have 5 coordinates with atom types of O
atom 31 with type of W found to have 5 coordinates with atom types of O
atom 32 with type of W found to have 6 coordinates with atom types of O
atom 33 with type of W found to have 5 coordinates with atom types of O
atom 34 with type of W found to have 5 coordinates with atom types of O
atom 35 with type of W found to have 5 coordinates with atom types of O
atom 36 with type of W found to have 6 coordinates with atom types of O
atom 37 with type of W found to have 5 coordinates with atom types of O
atom 38 with type of W found to have 5 coordinates with atom types of O
atom 39 with type of W found to have 5 coordinates with atom types of O
atom 40 with type of W found to have 6 coordinates with atom types of O
atom 41 with type of W found to have 5 coordinates with atom types of O
atom 42 with type of W found to have 5 coordinates with atom types of O
atom 43 with type of W found to have 5 coordinates with atom types of O
atom 44 with type of W found to have 6 coordinates with atom types of O
atom 45 with type of W found to have 5 coordinates with atom types of O
atom 46 with type of W found to have 5 coordinates with atom types of O
atom 47 with type of W found to have 5 coordinates with atom types of O
found ligand
found ligand
found ligand
found ligand
found ligand
found ligand
mof_primitive, (min_max_linker_length,max_min_linker_length): 6 , 1

Structure has LONG ligand

