atom 0 with type of Ni found to have 6 coordinates with atom types of O
atom 1 with type of Ni found to have 6 coordinates with atom types of O
atom 2 with type of Ni found to have 6 coordinates with atom types of O
atom 3 with type of Ni found to have 6 coordinates with atom types of O
atom 4 with type of Ni found to have 4 coordinates with atom types of O,N
atom 5 with type of Ni found to have 4 coordinates with atom types of O,N
atom 6 with type of Ni found to have 4 coordinates with atom types of O,N
atom 7 with type of Ni found to have 4 coordinates with atom types of O,N
atom 8 with type of Ni found to have 4 coordinates with atom types of O,N
atom 9 with type of Ni found to have 4 coordinates with atom types of O,N
atom 10 with type of Ni found to have 4 coordinates with atom types of O,N
atom 11 with type of Ni found to have 4 coordinates with atom types of O,N
atom 12 with type of Mo found to have 5 coordinates with atom types of O
atom 13 with type of Mo found to have 5 coordinates with atom types of O
atom 14 with type of Mo found to have 5 coordinates with atom types of O
atom 15 with type of Mo found to have 5 coordinates with atom types of O
atom 16 with type of Mo found to have 5 coordinates with atom types of O
atom 17 with type of Mo found to have 5 coordinates with atom types of O
atom 18 with type of Mo found to have 5 coordinates with atom types of O
atom 19 with type of Mo found to have 5 coordinates with atom types of O
atom 20 with type of Mo found to have 5 coordinates with atom types of O
atom 21 with type of Mo found to have 5 coordinates with atom types of O
atom 22 with type of Mo found to have 5 coordinates with atom types of O
atom 23 with type of Mo found to have 5 coordinates with atom types of O
atom 24 with type of Mo found to have 5 coordinates with atom types of O
atom 25 with type of Mo found to have 5 coordinates with atom types of O
atom 26 with type of Mo found to have 5 coordinates with atom types of O
atom 27 with type of Mo found to have 5 coordinates with atom types of O
atom 28 with type of Mo found to have 5 coordinates with atom types of O
atom 29 with type of Mo found to have 5 coordinates with atom types of O
atom 30 with type of Mo found to have 5 coordinates with atom types of O
atom 31 with type of Mo found to have 5 coordinates with atom types of O
atom 32 with type of Mo found to have 5 coordinates with atom types of O
atom 33 with type of Mo found to have 5 coordinates with atom types of O
atom 34 with type of Mo found to have 5 coordinates with atom types of O
atom 35 with type of Mo found to have 5 coordinates with atom types of O
atom 36 with type of Mo found to have 5 coordinates with atom types of O
atom 37 with type of Mo found to have 5 coordinates with atom types of O
atom 38 with type of Mo found to have 5 coordinates with atom types of O
atom 39 with type of Mo found to have 5 coordinates with atom types of O
atom 40 with type of Mo found to have 5 coordinates with atom types of O
atom 41 with type of Mo found to have 5 coordinates with atom types of O
atom 42 with type of Mo found to have 5 coordinates with atom types of O
atom 43 with type of Mo found to have 5 coordinates with atom types of O
atom 44 with type of Mo found to have 5 coordinates with atom types of O
atom 45 with type of Mo found to have 5 coordinates with atom types of O
atom 46 with type of Mo found to have 5 coordinates with atom types of O
atom 47 with type of Mo found to have 5 coordinates with atom types of O
atom 48 with type of Mo found to have 5 coordinates with atom types of O
atom 49 with type of Mo found to have 5 coordinates with atom types of O
atom 50 with type of Mo found to have 5 coordinates with atom types of O
atom 51 with type of Mo found to have 5 coordinates with atom types of O
atom 52 with type of Mo found to have 5 coordinates with atom types of O
atom 53 with type of Mo found to have 5 coordinates with atom types of O
atom 54 with type of Mo found to have 5 coordinates with atom types of O
atom 55 with type of Mo found to have 5 coordinates with atom types of O
atom 56 with type of Mo found to have 5 coordinates with atom types of O
atom 57 with type of Mo found to have 5 coordinates with atom types of O
atom 58 with type of Mo found to have 5 coordinates with atom types of O
atom 59 with type of Mo found to have 5 coordinates with atom types of O
mof_primitive, (min_max_linker_length,max_min_linker_length): 2 , 7

Structure has SHORT ligand

atom 0 with type of Ni found to have 6 coordinates with atom types of O
atom 1 with type of Ni found to have 6 coordinates with atom types of O
atom 2 with type of Ni found to have 6 coordinates with atom types of O
atom 3 with type of Ni found to have 6 coordinates with atom types of O
atom 4 with type of Ni found to have 4 coordinates with atom types of O,N
atom 5 with type of Ni found to have 4 coordinates with atom types of O,N
atom 6 with type of Ni found to have 4 coordinates with atom types of O,N
atom 7 with type of Ni found to have 4 coordinates with atom types of O,N
atom 8 with type of Ni found to have 4 coordinates with atom types of O,N
atom 9 with type of Ni found to have 4 coordinates with atom types of O,N
atom 10 with type of Ni found to have 4 coordinates with atom types of O,N
atom 11 with type of Ni found to have 4 coordinates with atom types of O,N
atom 12 with type of Mo found to have 5 coordinates with atom types of O
atom 13 with type of Mo found to have 5 coordinates with atom types of O
atom 14 with type of Mo found to have 5 coordinates with atom types of O
atom 15 with type of Mo found to have 5 coordinates with atom types of O
atom 16 with type of Mo found to have 5 coordinates with atom types of O
atom 17 with type of Mo found to have 5 coordinates with atom types of O
atom 18 with type of Mo found to have 5 coordinates with atom types of O
atom 19 with type of Mo found to have 5 coordinates with atom types of O
atom 20 with type of Mo found to have 5 coordinates with atom types of O
atom 21 with type of Mo found to have 5 coordinates with atom types of O
atom 22 with type of Mo found to have 5 coordinates with atom types of O
atom 23 with type of Mo found to have 5 coordinates with atom types of O
atom 24 with type of Mo found to have 5 coordinates with atom types of O
atom 25 with type of Mo found to have 5 coordinates with atom types of O
atom 26 with type of Mo found to have 5 coordinates with atom types of O
atom 27 with type of Mo found to have 5 coordinates with atom types of O
atom 28 with type of Mo found to have 5 coordinates with atom types of O
atom 29 with type of Mo found to have 5 coordinates with atom types of O
atom 30 with type of Mo found to have 5 coordinates with atom types of O
atom 31 with type of Mo found to have 5 coordinates with atom types of O
atom 32 with type of Mo found to have 5 coordinates with atom types of O
atom 33 with type of Mo found to have 5 coordinates with atom types of O
atom 34 with type of Mo found to have 5 coordinates with atom types of O
atom 35 with type of Mo found to have 5 coordinates with atom types of O
atom 36 with type of Mo found to have 5 coordinates with atom types of O
atom 37 with type of Mo found to have 5 coordinates with atom types of O
atom 38 with type of Mo found to have 5 coordinates with atom types of O
atom 39 with type of Mo found to have 5 coordinates with atom types of O
atom 40 with type of Mo found to have 5 coordinates with atom types of O
atom 41 with type of Mo found to have 5 coordinates with atom types of O
atom 42 with type of Mo found to have 5 coordinates with atom types of O
atom 43 with type of Mo found to have 5 coordinates with atom types of O
atom 44 with type of Mo found to have 5 coordinates with atom types of O
atom 45 with type of Mo found to have 5 coordinates with atom types of O
atom 46 with type of Mo found to have 5 coordinates with atom types of O
atom 47 with type of Mo found to have 5 coordinates with atom types of O
atom 48 with type of Mo found to have 5 coordinates with atom types of O
atom 49 with type of Mo found to have 5 coordinates with atom types of O
atom 50 with type of Mo found to have 5 coordinates with atom types of O
atom 51 with type of Mo found to have 5 coordinates with atom types of O
atom 52 with type of Mo found to have 5 coordinates with atom types of O
atom 53 with type of Mo found to have 5 coordinates with atom types of O
atom 54 with type of Mo found to have 5 coordinates with atom types of O
atom 55 with type of Mo found to have 5 coordinates with atom types of O
atom 56 with type of Mo found to have 5 coordinates with atom types of O
atom 57 with type of Mo found to have 5 coordinates with atom types of O
atom 58 with type of Mo found to have 5 coordinates with atom types of O
atom 59 with type of Mo found to have 5 coordinates with atom types of O
mof_primitive, (min_max_linker_length,max_min_linker_length): 2 , 7

Structure has SHORT ligand

