atom 0 with type of Pr found to have 6 coordinates with atom types of O
atom 1 with type of Pr found to have 7 coordinates with atom types of O,C
atom 2 with type of Pr found to have 6 coordinates with atom types of O
atom 3 with type of Pr found to have 7 coordinates with atom types of O,C
atom 4 with type of Pr found to have 6 coordinates with atom types of O
atom 5 with type of Pr found to have 7 coordinates with atom types of O,C
atom 6 with type of Pr found to have 6 coordinates with atom types of O
atom 7 with type of Pr found to have 7 coordinates with atom types of O,C
atom 8 with type of Pr found to have 6 coordinates with atom types of O
atom 9 with type of Pr found to have 7 coordinates with atom types of O,C
atom 10 with type of Pr found to have 6 coordinates with atom types of O
atom 11 with type of Pr found to have 7 coordinates with atom types of O,C
atom 12 with type of Pr found to have 6 coordinates with atom types of O
atom 13 with type of Pr found to have 7 coordinates with atom types of O,C
atom 14 with type of Pr found to have 6 coordinates with atom types of O
atom 15 with type of Pr found to have 7 coordinates with atom types of O,C
atom 16 with type of Co found to have 6 coordinates with atom types of N
atom 17 with type of Co found to have 6 coordinates with atom types of N
atom 18 with type of Co found to have 6 coordinates with atom types of N
atom 19 with type of Co found to have 6 coordinates with atom types of N
atom 20 with type of Co found to have 6 coordinates with atom types of N
atom 21 with type of Co found to have 6 coordinates with atom types of N
atom 22 with type of Co found to have 6 coordinates with atom types of N
atom 23 with type of Co found to have 6 coordinates with atom types of N
mof_primitive, (min_max_linker_length,max_min_linker_length): 5 , 2

Structure has LONG ligand

