atom 0 with type of Eu found to have 11 coordinates with atom types of O,C
atom 1 with type of Eu found to have 8 coordinates with atom types of O,C
atom 2 with type of Eu found to have 5 coordinates with atom types of O
atom 3 with type of Eu found to have 11 coordinates with atom types of O,C
atom 4 with type of Eu found to have 8 coordinates with atom types of O,C
atom 5 with type of Eu found to have 5 coordinates with atom types of O
atom 6 with type of Eu found to have 11 coordinates with atom types of O,C
atom 7 with type of Eu found to have 8 coordinates with atom types of O,C
atom 8 with type of Eu found to have 5 coordinates with atom types of O
atom 9 with type of Eu found to have 11 coordinates with atom types of O,C
atom 10 with type of Eu found to have 8 coordinates with atom types of O,C
atom 11 with type of Eu found to have 5 coordinates with atom types of O
mof_primitive, (min_max_linker_length,max_min_linker_length): 12 , 2

Structure has LONG ligand

atom 0 with type of Eu found to have 11 coordinates with atom types of C,O
atom 1 with type of Eu found to have 8 coordinates with atom types of C,O
atom 2 with type of Eu found to have 5 coordinates with atom types of O
atom 3 with type of Eu found to have 11 coordinates with atom types of C,O
atom 4 with type of Eu found to have 8 coordinates with atom types of C,O
atom 5 with type of Eu found to have 5 coordinates with atom types of O
atom 6 with type of Eu found to have 11 coordinates with atom types of C,O
atom 7 with type of Eu found to have 8 coordinates with atom types of C,O
atom 8 with type of Eu found to have 5 coordinates with atom types of O
atom 9 with type of Eu found to have 11 coordinates with atom types of C,O
atom 10 with type of Eu found to have 8 coordinates with atom types of C,O
atom 11 with type of Eu found to have 5 coordinates with atom types of O
mof_primitive, (min_max_linker_length,max_min_linker_length): 12 , 2

Structure has LONG ligand

