atom 0 with type of Cu found to have 3 coordinates with atom types of N,C
atom 1 with type of Cu found to have 3 coordinates with atom types of N,C
atom 2 with type of Cu found to have 3 coordinates with atom types of N,C
atom 3 with type of Cu found to have 3 coordinates with atom types of N,C
atom 4 with type of Cu found to have 3 coordinates with atom types of N,C
atom 5 with type of Cu found to have 3 coordinates with atom types of N,C
atom 6 with type of Cu found to have 3 coordinates with atom types of N,C
atom 7 with type of Cu found to have 3 coordinates with atom types of N,C
atom 8 with type of Cu found to have 4 coordinates with atom types of N,O
atom 9 with type of Cu found to have 4 coordinates with atom types of N,O
atom 10 with type of Cu found to have 4 coordinates with atom types of N,O
atom 11 with type of Cu found to have 4 coordinates with atom types of N,O
atom 12 with type of Cu found to have 4 coordinates with atom types of N,C
atom 13 with type of Cu found to have 4 coordinates with atom types of N,C
atom 14 with type of Cu found to have 4 coordinates with atom types of N,C
atom 15 with type of Cu found to have 4 coordinates with atom types of N,C
mof_primitive, (min_max_linker_length,max_min_linker_length): 1 , 3
Structure has extremely short ligands
Structure has extremely short ligands
atom 0 with type of Cu found to have 3 coordinates with atom types of C,N
atom 1 with type of Cu found to have 3 coordinates with atom types of C,N
atom 2 with type of Cu found to have 3 coordinates with atom types of C,N
atom 3 with type of Cu found to have 3 coordinates with atom types of C,N
atom 4 with type of Cu found to have 3 coordinates with atom types of C,N
atom 5 with type of Cu found to have 3 coordinates with atom types of C,N
atom 6 with type of Cu found to have 3 coordinates with atom types of C,N
atom 7 with type of Cu found to have 3 coordinates with atom types of C,N
atom 8 with type of Cu found to have 4 coordinates with atom types of O,N
atom 9 with type of Cu found to have 4 coordinates with atom types of O,N
atom 10 with type of Cu found to have 4 coordinates with atom types of O,N
atom 11 with type of Cu found to have 4 coordinates with atom types of O,N
atom 12 with type of Cu found to have 4 coordinates with atom types of C,N
atom 13 with type of Cu found to have 4 coordinates with atom types of C,N
atom 14 with type of Cu found to have 4 coordinates with atom types of C,N
atom 15 with type of Cu found to have 4 coordinates with atom types of C,N
mof_primitive, (min_max_linker_length,max_min_linker_length): 1 , 3
Structure has extremely short ligands
Structure has extremely short ligands
